<?xml version="1.0" encoding="UTF-8"?>
<testng-results skipped="0" failed="0" ignored="0" total="3" passed="3">
  <reporter-output>
  </reporter-output>
  <suite name="Default suite" duration-ms="2707" started-at="2021-09-23T13:32:18 IST" finished-at="2021-09-23T13:32:21 IST">
    <groups>
    </groups>
    <test name="Default test" duration-ms="2707" started-at="2021-09-23T13:32:18 IST" finished-at="2021-09-23T13:32:21 IST">
      <class name="PostrequestApi">
        <test-method status="PASS" signature="testdelete4()[pri:0, instance:PostrequestApi@2a17b7b6]" name="testdelete4" duration-ms="1785" started-at="2021-09-23T13:32:18 IST" finished-at="2021-09-23T13:32:20 IST">
          <reporter-output>
          </reporter-output>
        </test-method> <!-- testdelete4 -->
        <test-method status="PASS" signature="testpatch3()[pri:0, instance:PostrequestApi@2a17b7b6]" name="testpatch3" duration-ms="481" started-at="2021-09-23T13:32:20 IST" finished-at="2021-09-23T13:32:20 IST">
          <reporter-output>
          </reporter-output>
        </test-method> <!-- testpatch3 -->
        <test-method status="PASS" signature="testput2()[pri:0, instance:PostrequestApi@2a17b7b6]" name="testput2" duration-ms="399" started-at="2021-09-23T13:32:20 IST" finished-at="2021-09-23T13:32:21 IST">
          <reporter-output>
          </reporter-output>
        </test-method> <!-- testput2 -->
      </class> <!-- PostrequestApi -->
    </test> <!-- Default test -->
  </suite> <!-- Default suite -->
</testng-results>
